{
  "RSpec": {
    "coverage": {
      "/Users/MOOKBOOK13/Documents/freelancer/MPapp/app/mailers/application_mailer.rb": {
        "lines": [
          0,
          0,
          0,
          0
        ],
        "branches": {
        }
      },
      "/Users/MOOKBOOK13/Documents/freelancer/MPapp/app/models/areas_of_interest.rb": {
        "lines": [
          0,
          0,
          0
        ],
        "branches": {
        }
      },
      "/Users/MOOKBOOK13/Documents/freelancer/MPapp/app/models/question.rb": {
        "lines": [
          0,
          0,
          0,
          null,
          0,
          0,
          0,
          0,
          null,
          0
        ],
        "branches": {
        }
      },
      "/Users/MOOKBOOK13/Documents/freelancer/MPapp/app/models/activity.rb": {
        "lines": [
          0,
          0,
          0
        ],
        "branches": {
        }
      },
      "/Users/MOOKBOOK13/Documents/freelancer/MPapp/app/models/questionnaire.rb": {
        "lines": [
          0,
          0,
          0,
          0,
          null,
          0,
          0,
          0,
          null,
          0,
          0,
          0,
          null,
          0,
          0,
          0,
          0,
          null,
          0
        ],
        "branches": {
        }
      },
      "/Users/MOOKBOOK13/Documents/freelancer/MPapp/app/models/importance.rb": {
        "lines": [
          0,
          0,
          0
        ],
        "branches": {
        }
      },
      "/Users/MOOKBOOK13/Documents/freelancer/MPapp/app/models/answer.rb": {
        "lines": [
          0,
          0,
          0,
          0,
          0,
          0
        ],
        "branches": {
        }
      },
      "/Users/MOOKBOOK13/Documents/freelancer/MPapp/app/models/application_record.rb": {
        "lines": [
          0,
          0,
          0
        ],
        "branches": {
        }
      },
      "/Users/MOOKBOOK13/Documents/freelancer/MPapp/app/models/plan.rb": {
        "lines": [
          0,
          0,
          0,
          0
        ],
        "branches": {
        }
      },
      "/Users/MOOKBOOK13/Documents/freelancer/MPapp/app/models/user.rb": {
        "lines": [
          0,
          null,
          null,
          null,
          0,
          0,
          0,
          0,
          0,
          null,
          0,
          0,
          0,
          null,
          0,
          0,
          0,
          null,
          0
        ],
        "branches": {
        }
      },
      "/Users/MOOKBOOK13/Documents/freelancer/MPapp/app/jobs/application_job.rb": {
        "lines": [
          0,
          null,
          null,
          null,
          null,
          null,
          0
        ],
        "branches": {
        }
      },
      "/Users/MOOKBOOK13/Documents/freelancer/MPapp/app/controllers/application_controller.rb": {
        "lines": [
          0,
          0,
          null,
          0,
          0,
          0,
          0
        ],
        "branches": {
        }
      },
      "/Users/MOOKBOOK13/Documents/freelancer/MPapp/app/controllers/pages_controller.rb": {
        "lines": [
          0,
          0,
          null,
          0,
          0,
          null,
          0,
          0,
          null,
          0,
          0,
          0
        ],
        "branches": {
        }
      },
      "/Users/MOOKBOOK13/Documents/freelancer/MPapp/app/controllers/questions_controller.rb": {
        "lines": [
          0,
          null,
          0,
          0,
          0,
          null,
          0,
          null,
          0,
          null,
          0,
          0,
          0,
          0,
          null,
          0,
          0,
          0,
          0,
          0,
          null,
          0,
          null,
          0,
          null,
          0,
          0,
          0,
          null,
          0,
          0,
          0,
          null,
          0,
          0,
          0,
          null,
          null,
          null,
          0
        ],
        "branches": {
        }
      },
      "/Users/MOOKBOOK13/Documents/freelancer/MPapp/app/controllers/answers_controller.rb": {
        "lines": [
          0,
          0,
          0,
          0,
          0,
          0,
          0,
          0,
          null,
          0,
          null,
          0,
          0,
          0,
          null,
          0,
          0,
          0,
          null,
          0
        ],
        "branches": {
        }
      },
      "/Users/MOOKBOOK13/Documents/freelancer/MPapp/app/controllers/questionnaires_controller.rb": {
        "lines": [
          0,
          0,
          0,
          0,
          null,
          0,
          0,
          0,
          0,
          0,
          null,
          0,
          0,
          0,
          null,
          0,
          null,
          0,
          0,
          0,
          null,
          0
        ],
        "branches": {
        }
      },
      "/Users/MOOKBOOK13/Documents/freelancer/MPapp/app/controllers/activities_controller.rb": {
        "lines": [
          0,
          0
        ],
        "branches": {
        }
      },
      "/Users/MOOKBOOK13/Documents/freelancer/MPapp/app/controllers/admin_controller.rb": {
        "lines": [
          0,
          0,
          null,
          0,
          0,
          0,
          null,
          0,
          0,
          0,
          0,
          0,
          null,
          0,
          0,
          0,
          0,
          0,
          0,
          0,
          0,
          0,
          0,
          0,
          0,
          null,
          0,
          0,
          0,
          0
        ],
        "branches": {
        }
      },
      "/Users/MOOKBOOK13/Documents/freelancer/MPapp/app/controllers/plans_controller.rb": {
        "lines": [
          0,
          0,
          null,
          0,
          0
        ],
        "branches": {
        }
      },
      "/Users/MOOKBOOK13/Documents/freelancer/MPapp/app/controllers/areas_of_interest_controller.rb": {
        "lines": [
          0,
          0
        ],
        "branches": {
        }
      },
      "/Users/MOOKBOOK13/Documents/freelancer/MPapp/app/helpers/application_helper.rb": {
        "lines": [
          0,
          0
        ],
        "branches": {
        }
      },
      "/Users/MOOKBOOK13/Documents/freelancer/MPapp/app/channels/application_cable/connection.rb": {
        "lines": [
          0,
          0,
          0,
          0
        ],
        "branches": {
        }
      },
      "/Users/MOOKBOOK13/Documents/freelancer/MPapp/app/channels/application_cable/channel.rb": {
        "lines": [
          0,
          0,
          0,
          0
        ],
        "branches": {
        }
      }
    },
    "timestamp": 1616059473
  }
}
